[ [0;32mCompiled[0m ] assets/shaders/simple_shader.frag -> [0;35massets/shaders/compiled/simple_shader.frag.spv[0m
[ [0;32mCompiled[0m ] assets/shaders/simple_shader.vert -> [0;35massets/shaders/compiled/simple_shader.vert.spv[0m
[Vulkan Loader] INFO:           Vulkan Loader Version 1.4.328
[Vulkan Loader] INFO:           No valid vk_loader_settings.json file found, no loader settings will be active
[Vulkan Loader] LAYER:          Searching for implicit layer manifest files
[Vulkan Loader] LAYER:             In following locations:
[Vulkan Loader] LAYER:                /home/ac/.config/vulkan/implicit_layer.d
[Vulkan Loader] LAYER:                /etc/xdg/vulkan/implicit_layer.d
[Vulkan Loader] LAYER:                /etc/vulkan/implicit_layer.d
[Vulkan Loader] LAYER:                /home/ac/.local/share/vulkan/implicit_layer.d
[Vulkan Loader] LAYER:                /home/ac/.local/share/flatpak/exports/share/vulkan/implicit_layer.d
[Vulkan Loader] LAYER:                /var/lib/flatpak/exports/share/vulkan/implicit_layer.d
[Vulkan Loader] LAYER:                /usr/local/share/vulkan/implicit_layer.d
[Vulkan Loader] LAYER:                /usr/share/vulkan/implicit_layer.d
[Vulkan Loader] LAYER:             Found the following files:
[Vulkan Loader] LAYER:                /etc/vulkan/implicit_layer.d/renderdoc_capture.json
[Vulkan Loader] LAYER:                /home/ac/.local/share/vulkan/implicit_layer.d/steamoverlay_i386.json
[Vulkan Loader] LAYER:                /home/ac/.local/share/vulkan/implicit_layer.d/steamoverlay_x86_64.json
[Vulkan Loader] LAYER:                /home/ac/.local/share/vulkan/implicit_layer.d/steamfossilize_i386.json
[Vulkan Loader] LAYER:                /home/ac/.local/share/vulkan/implicit_layer.d/steamfossilize_x86_64.json
[Vulkan Loader] LAYER:                /usr/share/vulkan/implicit_layer.d/nvidia_layers.json
[Vulkan Loader] LAYER:                /usr/share/vulkan/implicit_layer.d/VkLayer_MESA_device_select.json
[Vulkan Loader] INFO:           Found manifest file /etc/vulkan/implicit_layer.d/renderdoc_capture.json (file version 1.1.2)
[Vulkan Loader] INFO:           Found manifest file /home/ac/.local/share/vulkan/implicit_layer.d/steamoverlay_i386.json (file version 1.0.0)
[Vulkan Loader] INFO:           Found manifest file /home/ac/.local/share/vulkan/implicit_layer.d/steamoverlay_x86_64.json (file version 1.0.0)
[Vulkan Loader] INFO:           Found manifest file /home/ac/.local/share/vulkan/implicit_layer.d/steamfossilize_i386.json (file version 1.0.0)
[Vulkan Loader] INFO:           Found manifest file /home/ac/.local/share/vulkan/implicit_layer.d/steamfossilize_x86_64.json (file version 1.0.0)
[Vulkan Loader] INFO:           Found manifest file /usr/share/vulkan/implicit_layer.d/nvidia_layers.json (file version 1.0.1)
[Vulkan Loader] INFO:           Found manifest file /usr/share/vulkan/implicit_layer.d/VkLayer_MESA_device_select.json (file version 1.0.0)
[Vulkan Loader] LAYER:          Searching for implicit layer manifest files
[Vulkan Loader] LAYER:             In following locations:
[Vulkan Loader] LAYER:                /home/ac/.config/vulkan/implicit_layer.d
[Vulkan Loader] LAYER:                /etc/xdg/vulkan/implicit_layer.d
[Vulkan Loader] LAYER:                /etc/vulkan/implicit_layer.d
[Vulkan Loader] LAYER:                /home/ac/.local/share/vulkan/implicit_layer.d
[Vulkan Loader] LAYER:                /home/ac/.local/share/flatpak/exports/share/vulkan/implicit_layer.d
[Vulkan Loader] LAYER:                /var/lib/flatpak/exports/share/vulkan/implicit_layer.d
[Vulkan Loader] LAYER:                /usr/local/share/vulkan/implicit_layer.d
[Vulkan Loader] LAYER:                /usr/share/vulkan/implicit_layer.d
[Vulkan Loader] LAYER:             Found the following files:
[Vulkan Loader] LAYER:                /etc/vulkan/implicit_layer.d/renderdoc_capture.json
[Vulkan Loader] LAYER:                /home/ac/.local/share/vulkan/implicit_layer.d/steamoverlay_i386.json
[Vulkan Loader] LAYER:                /home/ac/.local/share/vulkan/implicit_layer.d/steamoverlay_x86_64.json
[Vulkan Loader] LAYER:                /home/ac/.local/share/vulkan/implicit_layer.d/steamfossilize_i386.json
[Vulkan Loader] LAYER:                /home/ac/.local/share/vulkan/implicit_layer.d/steamfossilize_x86_64.json
[Vulkan Loader] LAYER:                /usr/share/vulkan/implicit_layer.d/nvidia_layers.json
[Vulkan Loader] LAYER:                /usr/share/vulkan/implicit_layer.d/VkLayer_MESA_device_select.json
[Vulkan Loader] INFO:           Found manifest file /etc/vulkan/implicit_layer.d/renderdoc_capture.json (file version 1.1.2)
[Vulkan Loader] INFO:           Found manifest file /home/ac/.local/share/vulkan/implicit_layer.d/steamoverlay_i386.json (file version 1.0.0)
[Vulkan Loader] INFO:           Found manifest file /home/ac/.local/share/vulkan/implicit_layer.d/steamoverlay_x86_64.json (file version 1.0.0)
[Vulkan Loader] INFO:           Found manifest file /home/ac/.local/share/vulkan/implicit_layer.d/steamfossilize_i386.json (file version 1.0.0)
[Vulkan Loader] INFO:           Found manifest file /home/ac/.local/share/vulkan/implicit_layer.d/steamfossilize_x86_64.json (file version 1.0.0)
[Vulkan Loader] INFO:           Found manifest file /usr/share/vulkan/implicit_layer.d/nvidia_layers.json (file version 1.0.1)
[Vulkan Loader] INFO:           Found manifest file /usr/share/vulkan/implicit_layer.d/VkLayer_MESA_device_select.json (file version 1.0.0)
[Vulkan Loader] LAYER:          Searching for explicit layer manifest files
[Vulkan Loader] LAYER:             In following locations:
[Vulkan Loader] LAYER:                /home/ac/.config/vulkan/explicit_layer.d
[Vulkan Loader] LAYER:                /etc/xdg/vulkan/explicit_layer.d
[Vulkan Loader] LAYER:                /etc/vulkan/explicit_layer.d
[Vulkan Loader] LAYER:                /home/ac/.local/share/vulkan/explicit_layer.d
[Vulkan Loader] LAYER:                /home/ac/.local/share/flatpak/exports/share/vulkan/explicit_layer.d
[Vulkan Loader] LAYER:                /var/lib/flatpak/exports/share/vulkan/explicit_layer.d
[Vulkan Loader] LAYER:                /usr/local/share/vulkan/explicit_layer.d
[Vulkan Loader] LAYER:                /usr/share/vulkan/explicit_layer.d
[Vulkan Loader] LAYER:             Found the following files:
[Vulkan Loader] LAYER:                /usr/share/vulkan/explicit_layer.d/VkLayer_khronos_validation.json
[Vulkan Loader] LAYER:                /usr/share/vulkan/explicit_layer.d/VkLayer_api_dump.json
[Vulkan Loader] LAYER:                /usr/share/vulkan/explicit_layer.d/VkLayer_monitor.json
[Vulkan Loader] LAYER:                /usr/share/vulkan/explicit_layer.d/VkLayer_screenshot.json
[Vulkan Loader] INFO:           Found manifest file /usr/share/vulkan/explicit_layer.d/VkLayer_khronos_validation.json (file version 1.2.0)
[Vulkan Loader] INFO:           Found manifest file /usr/share/vulkan/explicit_layer.d/VkLayer_api_dump.json (file version 1.2.0)
[Vulkan Loader] INFO:           Found manifest file /usr/share/vulkan/explicit_layer.d/VkLayer_monitor.json (file version 1.0.0)
[Vulkan Loader] INFO:           Found manifest file /usr/share/vulkan/explicit_layer.d/VkLayer_screenshot.json (file version 1.2.0)
[Vulkan Loader] INFO:           No valid vk_loader_settings.json file found, no loader settings will be active
[Vulkan Loader] LAYER:          Searching for implicit layer manifest files
[Vulkan Loader] LAYER:             In following locations:
[Vulkan Loader] LAYER:                /home/ac/.config/vulkan/implicit_layer.d
[Vulkan Loader] LAYER:                /etc/xdg/vulkan/implicit_layer.d
[Vulkan Loader] LAYER:                /etc/vulkan/implicit_layer.d
[Vulkan Loader] LAYER:                /home/ac/.local/share/vulkan/implicit_layer.d
[Vulkan Loader] LAYER:                /home/ac/.local/share/flatpak/exports/share/vulkan/implicit_layer.d
[Vulkan Loader] LAYER:                /var/lib/flatpak/exports/share/vulkan/implicit_layer.d
[Vulkan Loader] LAYER:                /usr/local/share/vulkan/implicit_layer.d
[Vulkan Loader] LAYER:                /usr/share/vulkan/implicit_layer.d
[Vulkan Loader] LAYER:             Found the following files:
[Vulkan Loader] LAYER:                /etc/vulkan/implicit_layer.d/renderdoc_capture.json
[Vulkan Loader] LAYER:                /home/ac/.local/share/vulkan/implicit_layer.d/steamoverlay_i386.json
[Vulkan Loader] LAYER:                /home/ac/.local/share/vulkan/implicit_layer.d/steamoverlay_x86_64.json
[Vulkan Loader] LAYER:                /home/ac/.local/share/vulkan/implicit_layer.d/steamfossilize_i386.json
[Vulkan Loader] LAYER:                /home/ac/.local/share/vulkan/implicit_layer.d/steamfossilize_x86_64.json
[Vulkan Loader] LAYER:                /usr/share/vulkan/implicit_layer.d/nvidia_layers.json
[Vulkan Loader] LAYER:                /usr/share/vulkan/implicit_layer.d/VkLayer_MESA_device_select.json
[Vulkan Loader] INFO:           Found manifest file /etc/vulkan/implicit_layer.d/renderdoc_capture.json (file version 1.1.2)
[Vulkan Loader] INFO:           Found manifest file /home/ac/.local/share/vulkan/implicit_layer.d/steamoverlay_i386.json (file version 1.0.0)
[Vulkan Loader] INFO:           Found manifest file /home/ac/.local/share/vulkan/implicit_layer.d/steamoverlay_x86_64.json (file version 1.0.0)
[Vulkan Loader] INFO:           Found manifest file /home/ac/.local/share/vulkan/implicit_layer.d/steamfossilize_i386.json (file version 1.0.0)
[Vulkan Loader] INFO:           Found manifest file /home/ac/.local/share/vulkan/implicit_layer.d/steamfossilize_x86_64.json (file version 1.0.0)
[Vulkan Loader] INFO:           Found manifest file /usr/share/vulkan/implicit_layer.d/nvidia_layers.json (file version 1.0.1)
[Vulkan Loader] INFO:           Found manifest file /usr/share/vulkan/implicit_layer.d/VkLayer_MESA_device_select.json (file version 1.0.0)
[Vulkan Loader] LAYER:          Searching for implicit layer manifest files
[Vulkan Loader] LAYER:             In following locations:
[Vulkan Loader] LAYER:                /home/ac/.config/vulkan/implicit_layer.d
[Vulkan Loader] LAYER:                /etc/xdg/vulkan/implicit_layer.d
[Vulkan Loader] LAYER:                /etc/vulkan/implicit_layer.d
[Vulkan Loader] LAYER:                /home/ac/.local/share/vulkan/implicit_layer.d
[Vulkan Loader] LAYER:                /home/ac/.local/share/flatpak/exports/share/vulkan/implicit_layer.d
[Vulkan Loader] LAYER:                /var/lib/flatpak/exports/share/vulkan/implicit_layer.d
[Vulkan Loader] LAYER:                /usr/local/share/vulkan/implicit_layer.d
[Vulkan Loader] LAYER:                /usr/share/vulkan/implicit_layer.d
[Vulkan Loader] LAYER:             Found the following files:
[Vulkan Loader] LAYER:                /etc/vulkan/implicit_layer.d/renderdoc_capture.json
[Vulkan Loader] LAYER:                /home/ac/.local/share/vulkan/implicit_layer.d/steamoverlay_i386.json
[Vulkan Loader] LAYER:                /home/ac/.local/share/vulkan/implicit_layer.d/steamoverlay_x86_64.json
[Vulkan Loader] LAYER:                /home/ac/.local/share/vulkan/implicit_layer.d/steamfossilize_i386.json
[Vulkan Loader] LAYER:                /home/ac/.local/share/vulkan/implicit_layer.d/steamfossilize_x86_64.json
[Vulkan Loader] LAYER:                /usr/share/vulkan/implicit_layer.d/nvidia_layers.json
[Vulkan Loader] LAYER:                /usr/share/vulkan/implicit_layer.d/VkLayer_MESA_device_select.json
[Vulkan Loader] INFO:           Found manifest file /etc/vulkan/implicit_layer.d/renderdoc_capture.json (file version 1.1.2)
[Vulkan Loader] INFO:           Found manifest file /home/ac/.local/share/vulkan/implicit_layer.d/steamoverlay_i386.json (file version 1.0.0)
[Vulkan Loader] INFO:           Found manifest file /home/ac/.local/share/vulkan/implicit_layer.d/steamoverlay_x86_64.json (file version 1.0.0)
[Vulkan Loader] INFO:           Found manifest file /home/ac/.local/share/vulkan/implicit_layer.d/steamfossilize_i386.json (file version 1.0.0)
[Vulkan Loader] INFO:           Found manifest file /home/ac/.local/share/vulkan/implicit_layer.d/steamfossilize_x86_64.json (file version 1.0.0)
[Vulkan Loader] INFO:           Found manifest file /usr/share/vulkan/implicit_layer.d/nvidia_layers.json (file version 1.0.1)
[Vulkan Loader] INFO:           Found manifest file /usr/share/vulkan/implicit_layer.d/VkLayer_MESA_device_select.json (file version 1.0.0)
[Vulkan Loader] LAYER:          Searching for explicit layer manifest files
[Vulkan Loader] LAYER:             In following locations:
[Vulkan Loader] LAYER:                /home/ac/.config/vulkan/explicit_layer.d
[Vulkan Loader] LAYER:                /etc/xdg/vulkan/explicit_layer.d
[Vulkan Loader] LAYER:                /etc/vulkan/explicit_layer.d
[Vulkan Loader] LAYER:                /home/ac/.local/share/vulkan/explicit_layer.d
[Vulkan Loader] LAYER:                /home/ac/.local/share/flatpak/exports/share/vulkan/explicit_layer.d
[Vulkan Loader] LAYER:                /var/lib/flatpak/exports/share/vulkan/explicit_layer.d
[Vulkan Loader] LAYER:                /usr/local/share/vulkan/explicit_layer.d
[Vulkan Loader] LAYER:                /usr/share/vulkan/explicit_layer.d
[Vulkan Loader] LAYER:             Found the following files:
[Vulkan Loader] LAYER:                /usr/share/vulkan/explicit_layer.d/VkLayer_khronos_validation.json
[Vulkan Loader] LAYER:                /usr/share/vulkan/explicit_layer.d/VkLayer_api_dump.json
[Vulkan Loader] LAYER:                /usr/share/vulkan/explicit_layer.d/VkLayer_monitor.json
[Vulkan Loader] LAYER:                /usr/share/vulkan/explicit_layer.d/VkLayer_screenshot.json
[Vulkan Loader] INFO:           Found manifest file /usr/share/vulkan/explicit_layer.d/VkLayer_khronos_validation.json (file version 1.2.0)
[Vulkan Loader] INFO:           Found manifest file /usr/share/vulkan/explicit_layer.d/VkLayer_api_dump.json (file version 1.2.0)
[Vulkan Loader] INFO:           Found manifest file /usr/share/vulkan/explicit_layer.d/VkLayer_monitor.json (file version 1.0.0)
[Vulkan Loader] INFO:           Found manifest file /usr/share/vulkan/explicit_layer.d/VkLayer_screenshot.json (file version 1.2.0)
[Vulkan Loader] INFO:           No valid vk_loader_settings.json file found, no loader settings will be active
[Vulkan Loader] LAYER:          Searching for implicit layer manifest files
[Vulkan Loader] LAYER:             In following locations:
[Vulkan Loader] LAYER:                /home/ac/.config/vulkan/implicit_layer.d
[Vulkan Loader] LAYER:                /etc/xdg/vulkan/implicit_layer.d
[Vulkan Loader] LAYER:                /etc/vulkan/implicit_layer.d
[Vulkan Loader] LAYER:                /home/ac/.local/share/vulkan/implicit_layer.d
[Vulkan Loader] LAYER:                /home/ac/.local/share/flatpak/exports/share/vulkan/implicit_layer.d
[Vulkan Loader] LAYER:                /var/lib/flatpak/exports/share/vulkan/implicit_layer.d
[Vulkan Loader] LAYER:                /usr/local/share/vulkan/implicit_layer.d
[Vulkan Loader] LAYER:                /usr/share/vulkan/implicit_layer.d
[Vulkan Loader] LAYER:             Found the following files:
[Vulkan Loader] LAYER:                /etc/vulkan/implicit_layer.d/renderdoc_capture.json
[Vulkan Loader] LAYER:                /home/ac/.local/share/vulkan/implicit_layer.d/steamoverlay_i386.json
[Vulkan Loader] LAYER:                /home/ac/.local/share/vulkan/implicit_layer.d/steamoverlay_x86_64.json
[Vulkan Loader] LAYER:                /home/ac/.local/share/vulkan/implicit_layer.d/steamfossilize_i386.json
[Vulkan Loader] LAYER:                /home/ac/.local/share/vulkan/implicit_layer.d/steamfossilize_x86_64.json
[Vulkan Loader] LAYER:                /usr/share/vulkan/implicit_layer.d/nvidia_layers.json
[Vulkan Loader] LAYER:                /usr/share/vulkan/implicit_layer.d/VkLayer_MESA_device_select.json
[Vulkan Loader] INFO:           Found manifest file /etc/vulkan/implicit_layer.d/renderdoc_capture.json (file version 1.1.2)
[Vulkan Loader] INFO:           Found manifest file /home/ac/.local/share/vulkan/implicit_layer.d/steamoverlay_i386.json (file version 1.0.0)
[Vulkan Loader] INFO:           Found manifest file /home/ac/.local/share/vulkan/implicit_layer.d/steamoverlay_x86_64.json (file version 1.0.0)
[Vulkan Loader] INFO:           Found manifest file /home/ac/.local/share/vulkan/implicit_layer.d/steamfossilize_i386.json (file version 1.0.0)
[Vulkan Loader] INFO:           Found manifest file /home/ac/.local/share/vulkan/implicit_layer.d/steamfossilize_x86_64.json (file version 1.0.0)
[Vulkan Loader] INFO:           Found manifest file /usr/share/vulkan/implicit_layer.d/nvidia_layers.json (file version 1.0.1)
[Vulkan Loader] INFO:           Found manifest file /usr/share/vulkan/implicit_layer.d/VkLayer_MESA_device_select.json (file version 1.0.0)
[Vulkan Loader] DRIVER:         Searching for driver manifest files
[Vulkan Loader] DRIVER:            In following locations:
[Vulkan Loader] DRIVER:               /home/ac/.config/vulkan/icd.d
[Vulkan Loader] DRIVER:               /etc/xdg/vulkan/icd.d
[Vulkan Loader] DRIVER:               /etc/vulkan/icd.d
[Vulkan Loader] DRIVER:               /home/ac/.local/share/vulkan/icd.d
[Vulkan Loader] DRIVER:               /home/ac/.local/share/flatpak/exports/share/vulkan/icd.d
[Vulkan Loader] DRIVER:               /var/lib/flatpak/exports/share/vulkan/icd.d
[Vulkan Loader] DRIVER:               /usr/local/share/vulkan/icd.d
[Vulkan Loader] DRIVER:               /usr/share/vulkan/icd.d
[Vulkan Loader] DRIVER:            Found the following files:
[Vulkan Loader] DRIVER:               /usr/share/vulkan/icd.d/nvidia_icd.json
[Vulkan Loader] DRIVER:               /usr/share/vulkan/icd.d/intel_hasvk_icd.x86_64.json
[Vulkan Loader] DRIVER:               /usr/share/vulkan/icd.d/intel_icd.x86_64.json
[Vulkan Loader] DRIVER:               /usr/share/vulkan/icd.d/intel_hasvk_icd.i686.json
[Vulkan Loader] DRIVER:               /usr/share/vulkan/icd.d/intel_icd.i686.json
[Vulkan Loader] DRIVER:         Found ICD manifest file /usr/share/vulkan/icd.d/nvidia_icd.json, version 1.0.1
[Vulkan Loader] DEBUG | DRIVER: Searching for ICD drivers named libGLX_nvidia.so.0
[Vulkan Loader] DRIVER:         Found ICD manifest file /usr/share/vulkan/icd.d/intel_hasvk_icd.x86_64.json, version 1.0.1
[Vulkan Loader] DEBUG | DRIVER: Searching for ICD drivers named /usr/lib/libvulkan_intel_hasvk.so
[Vulkan Loader] DRIVER:         Found ICD manifest file /usr/share/vulkan/icd.d/intel_icd.x86_64.json, version 1.0.1
[Vulkan Loader] DEBUG | DRIVER: Searching for ICD drivers named /usr/lib/libvulkan_intel.so
[Vulkan Loader] DRIVER:         Found ICD manifest file /usr/share/vulkan/icd.d/intel_hasvk_icd.i686.json, version 1.0.1
[Vulkan Loader] DEBUG | DRIVER: Searching for ICD drivers named /usr/lib32/libvulkan_intel_hasvk.so
[Vulkan Loader] INFO:           loader_parse_icd_manifest: Driver library architecture doesn't match the current running architecture, skipping this driver
[Vulkan Loader] DRIVER:         Found ICD manifest file /usr/share/vulkan/icd.d/intel_icd.i686.json, version 1.0.1
[Vulkan Loader] DEBUG | DRIVER: Searching for ICD drivers named /usr/lib32/libvulkan_intel.so
[Vulkan Loader] INFO:           loader_parse_icd_manifest: Driver library architecture doesn't match the current running architecture, skipping this driver
[Vulkan Loader] DRIVER:         Searching for driver manifest files
[Vulkan Loader] DRIVER:            In following locations:
[Vulkan Loader] DRIVER:               /home/ac/.config/vulkan/icd.d
[Vulkan Loader] DRIVER:               /etc/xdg/vulkan/icd.d
[Vulkan Loader] DRIVER:               /etc/vulkan/icd.d
[Vulkan Loader] DRIVER:               /home/ac/.local/share/vulkan/icd.d
[Vulkan Loader] DRIVER:               /home/ac/.local/share/flatpak/exports/share/vulkan/icd.d
[Vulkan Loader] DRIVER:               /var/lib/flatpak/exports/share/vulkan/icd.d
[Vulkan Loader] DRIVER:               /usr/local/share/vulkan/icd.d
[Vulkan Loader] DRIVER:               /usr/share/vulkan/icd.d
[Vulkan Loader] DRIVER:            Found the following files:
[Vulkan Loader] DRIVER:               /usr/share/vulkan/icd.d/nvidia_icd.json
[Vulkan Loader] DRIVER:               /usr/share/vulkan/icd.d/intel_hasvk_icd.x86_64.json
[Vulkan Loader] DRIVER:               /usr/share/vulkan/icd.d/intel_icd.x86_64.json
[Vulkan Loader] DRIVER:               /usr/share/vulkan/icd.d/intel_hasvk_icd.i686.json
[Vulkan Loader] DRIVER:               /usr/share/vulkan/icd.d/intel_icd.i686.json
[Vulkan Loader] DRIVER:         Found ICD manifest file /usr/share/vulkan/icd.d/nvidia_icd.json, version 1.0.1
[Vulkan Loader] DEBUG | DRIVER: Searching for ICD drivers named libGLX_nvidia.so.0
[Vulkan Loader] DRIVER:         Found ICD manifest file /usr/share/vulkan/icd.d/intel_hasvk_icd.x86_64.json, version 1.0.1
[Vulkan Loader] DEBUG | DRIVER: Searching for ICD drivers named /usr/lib/libvulkan_intel_hasvk.so
[Vulkan Loader] DRIVER:         Found ICD manifest file /usr/share/vulkan/icd.d/intel_icd.x86_64.json, version 1.0.1
[Vulkan Loader] DEBUG | DRIVER: Searching for ICD drivers named /usr/lib/libvulkan_intel.so
[Vulkan Loader] DRIVER:         Found ICD manifest file /usr/share/vulkan/icd.d/intel_hasvk_icd.i686.json, version 1.0.1
[Vulkan Loader] DEBUG | DRIVER: Searching for ICD drivers named /usr/lib32/libvulkan_intel_hasvk.so
[Vulkan Loader] INFO:           loader_parse_icd_manifest: Driver library architecture doesn't match the current running architecture, skipping this driver
[Vulkan Loader] DRIVER:         Found ICD manifest file /usr/share/vulkan/icd.d/intel_icd.i686.json, version 1.0.1
[Vulkan Loader] DEBUG | DRIVER: Searching for ICD drivers named /usr/lib32/libvulkan_intel.so
[Vulkan Loader] INFO:           loader_parse_icd_manifest: Driver library architecture doesn't match the current running architecture, skipping this driver
[Vulkan Loader] LAYER:          Searching for implicit layer manifest files
[Vulkan Loader] LAYER:             In following locations:
[Vulkan Loader] LAYER:                /home/ac/.config/vulkan/implicit_layer.d
[Vulkan Loader] LAYER:                /etc/xdg/vulkan/implicit_layer.d
[Vulkan Loader] LAYER:                /etc/vulkan/implicit_layer.d
[Vulkan Loader] LAYER:                /home/ac/.local/share/vulkan/implicit_layer.d
[Vulkan Loader] LAYER:                /home/ac/.local/share/flatpak/exports/share/vulkan/implicit_layer.d
[Vulkan Loader] LAYER:                /var/lib/flatpak/exports/share/vulkan/implicit_layer.d
[Vulkan Loader] LAYER:                /usr/local/share/vulkan/implicit_layer.d
[Vulkan Loader] LAYER:                /usr/share/vulkan/implicit_layer.d
[Vulkan Loader] LAYER:             Found the following files:
[Vulkan Loader] LAYER:                /etc/vulkan/implicit_layer.d/renderdoc_capture.json
[Vulkan Loader] LAYER:                /home/ac/.local/share/vulkan/implicit_layer.d/steamoverlay_i386.json
[Vulkan Loader] LAYER:                /home/ac/.local/share/vulkan/implicit_layer.d/steamoverlay_x86_64.json
[Vulkan Loader] LAYER:                /home/ac/.local/share/vulkan/implicit_layer.d/steamfossilize_i386.json
[Vulkan Loader] LAYER:                /home/ac/.local/share/vulkan/implicit_layer.d/steamfossilize_x86_64.json
[Vulkan Loader] LAYER:                /usr/share/vulkan/implicit_layer.d/nvidia_layers.json
[Vulkan Loader] LAYER:                /usr/share/vulkan/implicit_layer.d/VkLayer_MESA_device_select.json
[Vulkan Loader] INFO:           Found manifest file /etc/vulkan/implicit_layer.d/renderdoc_capture.json (file version 1.1.2)
[Vulkan Loader] INFO:           Found manifest file /home/ac/.local/share/vulkan/implicit_layer.d/steamoverlay_i386.json (file version 1.0.0)
[Vulkan Loader] INFO:           Found manifest file /home/ac/.local/share/vulkan/implicit_layer.d/steamoverlay_x86_64.json (file version 1.0.0)
[Vulkan Loader] INFO:           Found manifest file /home/ac/.local/share/vulkan/implicit_layer.d/steamfossilize_i386.json (file version 1.0.0)
[Vulkan Loader] INFO:           Found manifest file /home/ac/.local/share/vulkan/implicit_layer.d/steamfossilize_x86_64.json (file version 1.0.0)
[Vulkan Loader] INFO:           Found manifest file /usr/share/vulkan/implicit_layer.d/nvidia_layers.json (file version 1.0.1)
[Vulkan Loader] INFO:           Found manifest file /usr/share/vulkan/implicit_layer.d/VkLayer_MESA_device_select.json (file version 1.0.0)
[Vulkan Loader] INFO:           No valid vk_loader_settings.json file found, no loader settings will be active
[Vulkan Loader] LAYER:          Searching for implicit layer manifest files
[Vulkan Loader] LAYER:             In following locations:
[Vulkan Loader] LAYER:                /home/ac/.config/vulkan/implicit_layer.d
[Vulkan Loader] LAYER:                /etc/xdg/vulkan/implicit_layer.d
[Vulkan Loader] LAYER:                /etc/vulkan/implicit_layer.d
[Vulkan Loader] LAYER:                /home/ac/.local/share/vulkan/implicit_layer.d
[Vulkan Loader] LAYER:                /home/ac/.local/share/flatpak/exports/share/vulkan/implicit_layer.d
[Vulkan Loader] LAYER:                /var/lib/flatpak/exports/share/vulkan/implicit_layer.d
[Vulkan Loader] LAYER:                /usr/local/share/vulkan/implicit_layer.d
[Vulkan Loader] LAYER:                /usr/share/vulkan/implicit_layer.d
[Vulkan Loader] LAYER:             Found the following files:
[Vulkan Loader] LAYER:                /etc/vulkan/implicit_layer.d/renderdoc_capture.json
[Vulkan Loader] LAYER:                /home/ac/.local/share/vulkan/implicit_layer.d/steamoverlay_i386.json
[Vulkan Loader] LAYER:                /home/ac/.local/share/vulkan/implicit_layer.d/steamoverlay_x86_64.json
[Vulkan Loader] LAYER:                /home/ac/.local/share/vulkan/implicit_layer.d/steamfossilize_i386.json
[Vulkan Loader] LAYER:                /home/ac/.local/share/vulkan/implicit_layer.d/steamfossilize_x86_64.json
[Vulkan Loader] LAYER:                /usr/share/vulkan/implicit_layer.d/nvidia_layers.json
[Vulkan Loader] LAYER:                /usr/share/vulkan/implicit_layer.d/VkLayer_MESA_device_select.json
[Vulkan Loader] INFO:           Found manifest file /etc/vulkan/implicit_layer.d/renderdoc_capture.json (file version 1.1.2)
[Vulkan Loader] INFO:           Found manifest file /home/ac/.local/share/vulkan/implicit_layer.d/steamoverlay_i386.json (file version 1.0.0)
[Vulkan Loader] INFO:           Found manifest file /home/ac/.local/share/vulkan/implicit_layer.d/steamoverlay_x86_64.json (file version 1.0.0)
[Vulkan Loader] INFO:           Found manifest file /home/ac/.local/share/vulkan/implicit_layer.d/steamfossilize_i386.json (file version 1.0.0)
[Vulkan Loader] INFO:           Found manifest file /home/ac/.local/share/vulkan/implicit_layer.d/steamfossilize_x86_64.json (file version 1.0.0)
[Vulkan Loader] INFO:           Found manifest file /usr/share/vulkan/implicit_layer.d/nvidia_layers.json (file version 1.0.1)
[Vulkan Loader] INFO:           Found manifest file /usr/share/vulkan/implicit_layer.d/VkLayer_MESA_device_select.json (file version 1.0.0)
[Vulkan Loader] DRIVER:         Searching for driver manifest files
[Vulkan Loader] DRIVER:            In following locations:
[Vulkan Loader] DRIVER:               /home/ac/.config/vulkan/icd.d
[Vulkan Loader] DRIVER:               /etc/xdg/vulkan/icd.d
[Vulkan Loader] DRIVER:               /etc/vulkan/icd.d
[Vulkan Loader] DRIVER:               /home/ac/.local/share/vulkan/icd.d
[Vulkan Loader] DRIVER:               /home/ac/.local/share/flatpak/exports/share/vulkan/icd.d
[Vulkan Loader] DRIVER:               /var/lib/flatpak/exports/share/vulkan/icd.d
[Vulkan Loader] DRIVER:               /usr/local/share/vulkan/icd.d
[Vulkan Loader] DRIVER:               /usr/share/vulkan/icd.d
[Vulkan Loader] DRIVER:            Found the following files:
[Vulkan Loader] DRIVER:               /usr/share/vulkan/icd.d/nvidia_icd.json
[Vulkan Loader] DRIVER:               /usr/share/vulkan/icd.d/intel_hasvk_icd.x86_64.json
[Vulkan Loader] DRIVER:               /usr/share/vulkan/icd.d/intel_icd.x86_64.json
[Vulkan Loader] DRIVER:               /usr/share/vulkan/icd.d/intel_hasvk_icd.i686.json
[Vulkan Loader] DRIVER:               /usr/share/vulkan/icd.d/intel_icd.i686.json
[Vulkan Loader] DRIVER:         Found ICD manifest file /usr/share/vulkan/icd.d/nvidia_icd.json, version 1.0.1
[Vulkan Loader] DEBUG | DRIVER: Searching for ICD drivers named libGLX_nvidia.so.0
[Vulkan Loader] DRIVER:         Found ICD manifest file /usr/share/vulkan/icd.d/intel_hasvk_icd.x86_64.json, version 1.0.1
[Vulkan Loader] DEBUG | DRIVER: Searching for ICD drivers named /usr/lib/libvulkan_intel_hasvk.so
[Vulkan Loader] DRIVER:         Found ICD manifest file /usr/share/vulkan/icd.d/intel_icd.x86_64.json, version 1.0.1
[Vulkan Loader] DEBUG | DRIVER: Searching for ICD drivers named /usr/lib/libvulkan_intel.so
[Vulkan Loader] DRIVER:         Found ICD manifest file /usr/share/vulkan/icd.d/intel_hasvk_icd.i686.json, version 1.0.1
[Vulkan Loader] DEBUG | DRIVER: Searching for ICD drivers named /usr/lib32/libvulkan_intel_hasvk.so
[Vulkan Loader] INFO:           loader_parse_icd_manifest: Driver library architecture doesn't match the current running architecture, skipping this driver
[Vulkan Loader] DRIVER:         Found ICD manifest file /usr/share/vulkan/icd.d/intel_icd.i686.json, version 1.0.1
[Vulkan Loader] DEBUG | DRIVER: Searching for ICD drivers named /usr/lib32/libvulkan_intel.so
[Vulkan Loader] INFO:           loader_parse_icd_manifest: Driver library architecture doesn't match the current running architecture, skipping this driver
[Vulkan Loader] LAYER:          Searching for implicit layer manifest files
[Vulkan Loader] LAYER:             In following locations:
[Vulkan Loader] LAYER:                /home/ac/.config/vulkan/implicit_layer.d
[Vulkan Loader] LAYER:                /etc/xdg/vulkan/implicit_layer.d
[Vulkan Loader] LAYER:                /etc/vulkan/implicit_layer.d
[Vulkan Loader] LAYER:                /home/ac/.local/share/vulkan/implicit_layer.d
[Vulkan Loader] LAYER:                /home/ac/.local/share/flatpak/exports/share/vulkan/implicit_layer.d
[Vulkan Loader] LAYER:                /var/lib/flatpak/exports/share/vulkan/implicit_layer.d
[Vulkan Loader] LAYER:                /usr/local/share/vulkan/implicit_layer.d
[Vulkan Loader] LAYER:                /usr/share/vulkan/implicit_layer.d
[Vulkan Loader] LAYER:             Found the following files:
[Vulkan Loader] LAYER:                /etc/vulkan/implicit_layer.d/renderdoc_capture.json
[Vulkan Loader] LAYER:                /home/ac/.local/share/vulkan/implicit_layer.d/steamoverlay_i386.json
[Vulkan Loader] LAYER:                /home/ac/.local/share/vulkan/implicit_layer.d/steamoverlay_x86_64.json
[Vulkan Loader] LAYER:                /home/ac/.local/share/vulkan/implicit_layer.d/steamfossilize_i386.json
[Vulkan Loader] LAYER:                /home/ac/.local/share/vulkan/implicit_layer.d/steamfossilize_x86_64.json
[Vulkan Loader] LAYER:                /usr/share/vulkan/implicit_layer.d/nvidia_layers.json
[Vulkan Loader] LAYER:                /usr/share/vulkan/implicit_layer.d/VkLayer_MESA_device_select.json
[Vulkan Loader] INFO:           Found manifest file /etc/vulkan/implicit_layer.d/renderdoc_capture.json (file version 1.1.2)
[Vulkan Loader] INFO:           Found manifest file /home/ac/.local/share/vulkan/implicit_layer.d/steamoverlay_i386.json (file version 1.0.0)
[Vulkan Loader] INFO:           Found manifest file /home/ac/.local/share/vulkan/implicit_layer.d/steamoverlay_x86_64.json (file version 1.0.0)
[Vulkan Loader] INFO:           Found manifest file /home/ac/.local/share/vulkan/implicit_layer.d/steamfossilize_i386.json (file version 1.0.0)
[Vulkan Loader] INFO:           Found manifest file /home/ac/.local/share/vulkan/implicit_layer.d/steamfossilize_x86_64.json (file version 1.0.0)
[Vulkan Loader] INFO:           Found manifest file /usr/share/vulkan/implicit_layer.d/nvidia_layers.json (file version 1.0.1)
[Vulkan Loader] INFO:           Found manifest file /usr/share/vulkan/implicit_layer.d/VkLayer_MESA_device_select.json (file version 1.0.0)
[Vulkan Loader] INFO:           No valid vk_loader_settings.json file found, no loader settings will be active
[Vulkan Loader] LAYER:          Searching for implicit layer manifest files
[Vulkan Loader] LAYER:             In following locations:
[Vulkan Loader] LAYER:                /home/ac/.config/vulkan/implicit_layer.d
[Vulkan Loader] LAYER:                /etc/xdg/vulkan/implicit_layer.d
[Vulkan Loader] LAYER:                /etc/vulkan/implicit_layer.d
[Vulkan Loader] LAYER:                /home/ac/.local/share/vulkan/implicit_layer.d
[Vulkan Loader] LAYER:                /home/ac/.local/share/flatpak/exports/share/vulkan/implicit_layer.d
[Vulkan Loader] LAYER:                /var/lib/flatpak/exports/share/vulkan/implicit_layer.d
[Vulkan Loader] LAYER:                /usr/local/share/vulkan/implicit_layer.d
[Vulkan Loader] LAYER:                /usr/share/vulkan/implicit_layer.d
[Vulkan Loader] LAYER:             Found the following files:
[Vulkan Loader] LAYER:                /etc/vulkan/implicit_layer.d/renderdoc_capture.json
[Vulkan Loader] LAYER:                /home/ac/.local/share/vulkan/implicit_layer.d/steamoverlay_i386.json
[Vulkan Loader] LAYER:                /home/ac/.local/share/vulkan/implicit_layer.d/steamoverlay_x86_64.json
[Vulkan Loader] LAYER:                /home/ac/.local/share/vulkan/implicit_layer.d/steamfossilize_i386.json
[Vulkan Loader] LAYER:                /home/ac/.local/share/vulkan/implicit_layer.d/steamfossilize_x86_64.json
[Vulkan Loader] LAYER:                /usr/share/vulkan/implicit_layer.d/nvidia_layers.json
[Vulkan Loader] LAYER:                /usr/share/vulkan/implicit_layer.d/VkLayer_MESA_device_select.json
[Vulkan Loader] INFO:           Found manifest file /etc/vulkan/implicit_layer.d/renderdoc_capture.json (file version 1.1.2)
[Vulkan Loader] INFO:           Found manifest file /home/ac/.local/share/vulkan/implicit_layer.d/steamoverlay_i386.json (file version 1.0.0)
[Vulkan Loader] INFO:           Found manifest file /home/ac/.local/share/vulkan/implicit_layer.d/steamoverlay_x86_64.json (file version 1.0.0)
[Vulkan Loader] INFO:           Found manifest file /home/ac/.local/share/vulkan/implicit_layer.d/steamfossilize_i386.json (file version 1.0.0)
[Vulkan Loader] INFO:           Found manifest file /home/ac/.local/share/vulkan/implicit_layer.d/steamfossilize_x86_64.json (file version 1.0.0)
[Vulkan Loader] INFO:           Found manifest file /usr/share/vulkan/implicit_layer.d/nvidia_layers.json (file version 1.0.1)
[Vulkan Loader] INFO:           Found manifest file /usr/share/vulkan/implicit_layer.d/VkLayer_MESA_device_select.json (file version 1.0.0)
[Vulkan Loader] LAYER:          Searching for explicit layer manifest files
[Vulkan Loader] LAYER:             In following locations:
[Vulkan Loader] LAYER:                /home/ac/.config/vulkan/explicit_layer.d
[Vulkan Loader] LAYER:                /etc/xdg/vulkan/explicit_layer.d
[Vulkan Loader] LAYER:                /etc/vulkan/explicit_layer.d
[Vulkan Loader] LAYER:                /home/ac/.local/share/vulkan/explicit_layer.d
[Vulkan Loader] LAYER:                /home/ac/.local/share/flatpak/exports/share/vulkan/explicit_layer.d
[Vulkan Loader] LAYER:                /var/lib/flatpak/exports/share/vulkan/explicit_layer.d
[Vulkan Loader] LAYER:                /usr/local/share/vulkan/explicit_layer.d
[Vulkan Loader] LAYER:                /usr/share/vulkan/explicit_layer.d
[Vulkan Loader] LAYER:             Found the following files:
[Vulkan Loader] LAYER:                /usr/share/vulkan/explicit_layer.d/VkLayer_khronos_validation.json
[Vulkan Loader] LAYER:                /usr/share/vulkan/explicit_layer.d/VkLayer_api_dump.json
[Vulkan Loader] LAYER:                /usr/share/vulkan/explicit_layer.d/VkLayer_monitor.json
[Vulkan Loader] LAYER:                /usr/share/vulkan/explicit_layer.d/VkLayer_screenshot.json
[Vulkan Loader] INFO:           Found manifest file /usr/share/vulkan/explicit_layer.d/VkLayer_khronos_validation.json (file version 1.2.0)
[Vulkan Loader] INFO:           Found manifest file /usr/share/vulkan/explicit_layer.d/VkLayer_api_dump.json (file version 1.2.0)
[Vulkan Loader] INFO:           Found manifest file /usr/share/vulkan/explicit_layer.d/VkLayer_monitor.json (file version 1.0.0)
[Vulkan Loader] INFO:           Found manifest file /usr/share/vulkan/explicit_layer.d/VkLayer_screenshot.json (file version 1.2.0)
[Vulkan Loader] DRIVER:         Searching for driver manifest files
[Vulkan Loader] DRIVER:            In following locations:
[Vulkan Loader] DRIVER:               /home/ac/.config/vulkan/icd.d
[Vulkan Loader] DRIVER:               /etc/xdg/vulkan/icd.d
[Vulkan Loader] DRIVER:               /etc/vulkan/icd.d
[Vulkan Loader] DRIVER:               /home/ac/.local/share/vulkan/icd.d
[Vulkan Loader] DRIVER:               /home/ac/.local/share/flatpak/exports/share/vulkan/icd.d
[Vulkan Loader] DRIVER:               /var/lib/flatpak/exports/share/vulkan/icd.d
[Vulkan Loader] DRIVER:               /usr/local/share/vulkan/icd.d
[Vulkan Loader] DRIVER:               /usr/share/vulkan/icd.d
[Vulkan Loader] DRIVER:            Found the following files:
[Vulkan Loader] DRIVER:               /usr/share/vulkan/icd.d/nvidia_icd.json
[Vulkan Loader] DRIVER:               /usr/share/vulkan/icd.d/intel_hasvk_icd.x86_64.json
[Vulkan Loader] DRIVER:               /usr/share/vulkan/icd.d/intel_icd.x86_64.json
[Vulkan Loader] DRIVER:               /usr/share/vulkan/icd.d/intel_hasvk_icd.i686.json
[Vulkan Loader] DRIVER:               /usr/share/vulkan/icd.d/intel_icd.i686.json
[Vulkan Loader] DRIVER:         Found ICD manifest file /usr/share/vulkan/icd.d/nvidia_icd.json, version 1.0.1
[Vulkan Loader] DEBUG | DRIVER: Searching for ICD drivers named libGLX_nvidia.so.0
[Vulkan Loader] DRIVER:         Found ICD manifest file /usr/share/vulkan/icd.d/intel_hasvk_icd.x86_64.json, version 1.0.1
[Vulkan Loader] DEBUG | DRIVER: Searching for ICD drivers named /usr/lib/libvulkan_intel_hasvk.so
[Vulkan Loader] DRIVER:         Found ICD manifest file /usr/share/vulkan/icd.d/intel_icd.x86_64.json, version 1.0.1
[Vulkan Loader] DEBUG | DRIVER: Searching for ICD drivers named /usr/lib/libvulkan_intel.so
[Vulkan Loader] DRIVER:         Found ICD manifest file /usr/share/vulkan/icd.d/intel_hasvk_icd.i686.json, version 1.0.1
[Vulkan Loader] DEBUG | DRIVER: Searching for ICD drivers named /usr/lib32/libvulkan_intel_hasvk.so
[Vulkan Loader] INFO:           loader_parse_icd_manifest: Driver library architecture doesn't match the current running architecture, skipping this driver
[Vulkan Loader] DRIVER:         Found ICD manifest file /usr/share/vulkan/icd.d/intel_icd.i686.json, version 1.0.1
[Vulkan Loader] DEBUG | DRIVER: Searching for ICD drivers named /usr/lib32/libvulkan_intel.so
[Vulkan Loader] INFO:           loader_parse_icd_manifest: Driver library architecture doesn't match the current running architecture, skipping this driver
[Vulkan Loader] DEBUG | LAYER:  Loading layer library libVkLayer_khronos_validation.so
[Vulkan Loader] INFO | LAYER:   Insert instance layer "VK_LAYER_KHRONOS_validation" (/usr/lib/libVkLayer_khronos_validation.so)
[Vulkan Loader] DEBUG | LAYER:  Loading layer library libVkLayer_MESA_device_select.so
[Vulkan Loader] INFO | LAYER:   Insert instance layer "VK_LAYER_MESA_device_select" (/usr/lib/libVkLayer_MESA_device_select.so)
[Vulkan Loader] DEBUG | LAYER:  Loading layer library libGLX_nvidia.so.0
[Vulkan Loader] INFO | LAYER:   Insert instance layer "VK_LAYER_NV_optimus" (/usr/lib/libnvidia-glcore.so.580.95.05)
[Vulkan Loader] LAYER:          vkCreateInstance layer callstack setup to:
[Vulkan Loader] LAYER:             <Application>
[Vulkan Loader] LAYER:               ||
[Vulkan Loader] LAYER:             <Loader>
[Vulkan Loader] LAYER:               ||
[Vulkan Loader] LAYER:             VK_LAYER_NV_optimus
[Vulkan Loader] LAYER:                     Type: Implicit
[Vulkan Loader] LAYER:                     Enabled By: Implicit Layer
[Vulkan Loader] LAYER:                         Disable Env Var:  DISABLE_LAYER_NV_OPTIMUS_1
[Vulkan Loader] LAYER:                         This layer was enabled because Env Var __NV_PRIME_RENDER_OFFLOAD was set to Value 1
[Vulkan Loader] LAYER:                     Manifest: /usr/share/vulkan/implicit_layer.d/nvidia_layers.json
[Vulkan Loader] LAYER:                     Library:  /usr/lib/libnvidia-glcore.so.580.95.05
[Vulkan Loader] LAYER:               ||
[Vulkan Loader] LAYER:             VK_LAYER_MESA_device_select
[Vulkan Loader] LAYER:                     Type: Implicit
[Vulkan Loader] LAYER:                     Enabled By: Implicit Layer
[Vulkan Loader] LAYER:                         Disable Env Var:  NODEVICE_SELECT
[Vulkan Loader] LAYER:                     Manifest: /usr/share/vulkan/implicit_layer.d/VkLayer_MESA_device_select.json
[Vulkan Loader] LAYER:                     Library:  /usr/lib/libVkLayer_MESA_device_select.so
[Vulkan Loader] LAYER:               ||
[Vulkan Loader] LAYER:             VK_LAYER_KHRONOS_validation
[Vulkan Loader] LAYER:                     Type: Explicit
[Vulkan Loader] LAYER:                     Enabled By: By the Application
[Vulkan Loader] LAYER:                     Manifest: /usr/share/vulkan/explicit_layer.d/VkLayer_khronos_validation.json
[Vulkan Loader] LAYER:                     Library:  /usr/lib/libVkLayer_khronos_validation.so
[Vulkan Loader] LAYER:               ||
[Vulkan Loader] LAYER:             <Drivers>
[Vulkan Loader] INFO | DRIVER:  linux_read_sorted_physical_devices:
[Vulkan Loader] INFO | DRIVER:       Original order:
[Vulkan Loader] INFO | DRIVER:             [0] Intel(R) Graphics (ADL GT2)
[Vulkan Loader] INFO | DRIVER:             [1] NVIDIA T600 Laptop GPU
[Vulkan Loader] INFO | DRIVER:       Sorted order:
[Vulkan Loader] INFO | DRIVER:             [0] NVIDIA T600 Laptop GPU  
[Vulkan Loader] INFO | DRIVER:             [1] Intel(R) Graphics (ADL GT2)  
[Vulkan Loader] INFO | DRIVER:  linux_read_sorted_physical_devices:
[Vulkan Loader] INFO | DRIVER:       Original order:
[Vulkan Loader] INFO | DRIVER:             [0] Intel(R) Graphics (ADL GT2)
[Vulkan Loader] INFO | DRIVER:             [1] NVIDIA T600 Laptop GPU
[Vulkan Loader] INFO | DRIVER:       Sorted order:
[Vulkan Loader] INFO | DRIVER:             [0] NVIDIA T600 Laptop GPU  
[Vulkan Loader] INFO | DRIVER:             [1] Intel(R) Graphics (ADL GT2)  
[Vulkan Loader] DEBUG | DRIVER: Copying old device 0 into new device 0
[Vulkan Loader] DEBUG | DRIVER: Copying old device 1 into new device 1
[Vulkan Loader] INFO:           No valid vk_loader_settings.json file found, no loader settings will be active
[Vulkan Loader] LAYER:          Searching for implicit layer manifest files
[Vulkan Loader] LAYER:             In following locations:
[Vulkan Loader] LAYER:                /home/ac/.config/vulkan/implicit_layer.d
[Vulkan Loader] LAYER:                /etc/xdg/vulkan/implicit_layer.d
[Vulkan Loader] LAYER:                /etc/vulkan/implicit_layer.d
[Vulkan Loader] LAYER:                /home/ac/.local/share/vulkan/implicit_layer.d
[Vulkan Loader] LAYER:                /home/ac/.local/share/flatpak/exports/share/vulkan/implicit_layer.d
[Vulkan Loader] LAYER:                /var/lib/flatpak/exports/share/vulkan/implicit_layer.d
[Vulkan Loader] LAYER:                /usr/local/share/vulkan/implicit_layer.d
[Vulkan Loader] LAYER:                /usr/share/vulkan/implicit_layer.d
[Vulkan Loader] LAYER:             Found the following files:
[Vulkan Loader] LAYER:                /etc/vulkan/implicit_layer.d/renderdoc_capture.json
[Vulkan Loader] LAYER:                /home/ac/.local/share/vulkan/implicit_layer.d/steamoverlay_i386.json
[Vulkan Loader] LAYER:                /home/ac/.local/share/vulkan/implicit_layer.d/steamoverlay_x86_64.json
[Vulkan Loader] LAYER:                /home/ac/.local/share/vulkan/implicit_layer.d/steamfossilize_i386.json
[Vulkan Loader] LAYER:                /home/ac/.local/share/vulkan/implicit_layer.d/steamfossilize_x86_64.json
[Vulkan Loader] LAYER:                /usr/share/vulkan/implicit_layer.d/nvidia_layers.json
[Vulkan Loader] LAYER:                /usr/share/vulkan/implicit_layer.d/VkLayer_MESA_device_select.json
[Vulkan Loader] INFO:           Found manifest file /etc/vulkan/implicit_layer.d/renderdoc_capture.json (file version 1.1.2)
[Vulkan Loader] INFO:           Found manifest file /home/ac/.local/share/vulkan/implicit_layer.d/steamoverlay_i386.json (file version 1.0.0)
[Vulkan Loader] INFO:           Found manifest file /home/ac/.local/share/vulkan/implicit_layer.d/steamoverlay_x86_64.json (file version 1.0.0)
[Vulkan Loader] INFO:           Found manifest file /home/ac/.local/share/vulkan/implicit_layer.d/steamfossilize_i386.json (file version 1.0.0)
[Vulkan Loader] INFO:           Found manifest file /home/ac/.local/share/vulkan/implicit_layer.d/steamfossilize_x86_64.json (file version 1.0.0)
[Vulkan Loader] INFO:           Found manifest file /usr/share/vulkan/implicit_layer.d/nvidia_layers.json (file version 1.0.1)
[Vulkan Loader] INFO:           Found manifest file /usr/share/vulkan/implicit_layer.d/VkLayer_MESA_device_select.json (file version 1.0.0)
[Vulkan Loader] DRIVER:         Searching for driver manifest files
[Vulkan Loader] DRIVER:            In following locations:
[Vulkan Loader] DRIVER:               /home/ac/.config/vulkan/icd.d
[Vulkan Loader] DRIVER:               /etc/xdg/vulkan/icd.d
[Vulkan Loader] DRIVER:               /etc/vulkan/icd.d
[Vulkan Loader] DRIVER:               /home/ac/.local/share/vulkan/icd.d
[Vulkan Loader] DRIVER:               /home/ac/.local/share/flatpak/exports/share/vulkan/icd.d
[Vulkan Loader] DRIVER:               /var/lib/flatpak/exports/share/vulkan/icd.d
[Vulkan Loader] DRIVER:               /usr/local/share/vulkan/icd.d
[Vulkan Loader] DRIVER:               /usr/share/vulkan/icd.d
[Vulkan Loader] DRIVER:            Found the following files:
[Vulkan Loader] DRIVER:               /usr/share/vulkan/icd.d/nvidia_icd.json
[Vulkan Loader] DRIVER:               /usr/share/vulkan/icd.d/intel_hasvk_icd.x86_64.json
[Vulkan Loader] DRIVER:               /usr/share/vulkan/icd.d/intel_icd.x86_64.json
[Vulkan Loader] DRIVER:               /usr/share/vulkan/icd.d/intel_hasvk_icd.i686.json
[Vulkan Loader] DRIVER:               /usr/share/vulkan/icd.d/intel_icd.i686.json
[Vulkan Loader] DRIVER:         Found ICD manifest file /usr/share/vulkan/icd.d/nvidia_icd.json, version 1.0.1
[Vulkan Loader] DEBUG | DRIVER: Searching for ICD drivers named libGLX_nvidia.so.0
[Vulkan Loader] DRIVER:         Found ICD manifest file /usr/share/vulkan/icd.d/intel_hasvk_icd.x86_64.json, version 1.0.1
[Vulkan Loader] DEBUG | DRIVER: Searching for ICD drivers named /usr/lib/libvulkan_intel_hasvk.so
[Vulkan Loader] DRIVER:         Found ICD manifest file /usr/share/vulkan/icd.d/intel_icd.x86_64.json, version 1.0.1
[Vulkan Loader] DEBUG | DRIVER: Searching for ICD drivers named /usr/lib/libvulkan_intel.so
[Vulkan Loader] DRIVER:         Found ICD manifest file /usr/share/vulkan/icd.d/intel_hasvk_icd.i686.json, version 1.0.1
[Vulkan Loader] DEBUG | DRIVER: Searching for ICD drivers named /usr/lib32/libvulkan_intel_hasvk.so
[Vulkan Loader] INFO:           loader_parse_icd_manifest: Driver library architecture doesn't match the current running architecture, skipping this driver
[Vulkan Loader] DRIVER:         Found ICD manifest file /usr/share/vulkan/icd.d/intel_icd.i686.json, version 1.0.1
[Vulkan Loader] DEBUG | DRIVER: Searching for ICD drivers named /usr/lib32/libvulkan_intel.so
[Vulkan Loader] INFO:           loader_parse_icd_manifest: Driver library architecture doesn't match the current running architecture, skipping this driver
[Vulkan Loader] LAYER:          Searching for implicit layer manifest files
[Vulkan Loader] LAYER:             In following locations:
[Vulkan Loader] LAYER:                /home/ac/.config/vulkan/implicit_layer.d
[Vulkan Loader] LAYER:                /etc/xdg/vulkan/implicit_layer.d
[Vulkan Loader] LAYER:                /etc/vulkan/implicit_layer.d
[Vulkan Loader] LAYER:                /home/ac/.local/share/vulkan/implicit_layer.d
[Vulkan Loader] LAYER:                /home/ac/.local/share/flatpak/exports/share/vulkan/implicit_layer.d
[Vulkan Loader] LAYER:                /var/lib/flatpak/exports/share/vulkan/implicit_layer.d
[Vulkan Loader] LAYER:                /usr/local/share/vulkan/implicit_layer.d
[Vulkan Loader] LAYER:                /usr/share/vulkan/implicit_layer.d
[Vulkan Loader] LAYER:             Found the following files:
[Vulkan Loader] LAYER:                /etc/vulkan/implicit_layer.d/renderdoc_capture.json
[Vulkan Loader] LAYER:                /home/ac/.local/share/vulkan/implicit_layer.d/steamoverlay_i386.json
[Vulkan Loader] LAYER:                /home/ac/.local/share/vulkan/implicit_layer.d/steamoverlay_x86_64.json
[Vulkan Loader] LAYER:                /home/ac/.local/share/vulkan/implicit_layer.d/steamfossilize_i386.json
[Vulkan Loader] LAYER:                /home/ac/.local/share/vulkan/implicit_layer.d/steamfossilize_x86_64.json
[Vulkan Loader] LAYER:                /usr/share/vulkan/implicit_layer.d/nvidia_layers.json
[Vulkan Loader] LAYER:                /usr/share/vulkan/implicit_layer.d/VkLayer_MESA_device_select.json
[Vulkan Loader] INFO:           Found manifest file /etc/vulkan/implicit_layer.d/renderdoc_capture.json (file version 1.1.2)
[Vulkan Loader] INFO:           Found manifest file /home/ac/.local/share/vulkan/implicit_layer.d/steamoverlay_i386.json (file version 1.0.0)
[Vulkan Loader] INFO:           Found manifest file /home/ac/.local/share/vulkan/implicit_layer.d/steamoverlay_x86_64.json (file version 1.0.0)
[Vulkan Loader] INFO:           Found manifest file /home/ac/.local/share/vulkan/implicit_layer.d/steamfossilize_i386.json (file version 1.0.0)
[Vulkan Loader] INFO:           Found manifest file /home/ac/.local/share/vulkan/implicit_layer.d/steamfossilize_x86_64.json (file version 1.0.0)
[Vulkan Loader] INFO:           Found manifest file /usr/share/vulkan/implicit_layer.d/nvidia_layers.json (file version 1.0.1)
[Vulkan Loader] INFO:           Found manifest file /usr/share/vulkan/implicit_layer.d/VkLayer_MESA_device_select.json (file version 1.0.0)
[Vulkan Loader] INFO:           No valid vk_loader_settings.json file found, no loader settings will be active
[Vulkan Loader] LAYER:          Searching for implicit layer manifest files
[Vulkan Loader] LAYER:             In following locations:
[Vulkan Loader] LAYER:                /home/ac/.config/vulkan/implicit_layer.d
[Vulkan Loader] LAYER:                /etc/xdg/vulkan/implicit_layer.d
[Vulkan Loader] LAYER:                /etc/vulkan/implicit_layer.d
[Vulkan Loader] LAYER:                /home/ac/.local/share/vulkan/implicit_layer.d
[Vulkan Loader] LAYER:                /home/ac/.local/share/flatpak/exports/share/vulkan/implicit_layer.d
[Vulkan Loader] LAYER:                /var/lib/flatpak/exports/share/vulkan/implicit_layer.d
[Vulkan Loader] LAYER:                /usr/local/share/vulkan/implicit_layer.d
[Vulkan Loader] LAYER:                /usr/share/vulkan/implicit_layer.d
[Vulkan Loader] LAYER:             Found the following files:
[Vulkan Loader] LAYER:                /etc/vulkan/implicit_layer.d/renderdoc_capture.json
[Vulkan Loader] LAYER:                /home/ac/.local/share/vulkan/implicit_layer.d/steamoverlay_i386.json
[Vulkan Loader] LAYER:                /home/ac/.local/share/vulkan/implicit_layer.d/steamoverlay_x86_64.json
[Vulkan Loader] LAYER:                /home/ac/.local/share/vulkan/implicit_layer.d/steamfossilize_i386.json
[Vulkan Loader] LAYER:                /home/ac/.local/share/vulkan/implicit_layer.d/steamfossilize_x86_64.json
[Vulkan Loader] LAYER:                /usr/share/vulkan/implicit_layer.d/nvidia_layers.json
[Vulkan Loader] LAYER:                /usr/share/vulkan/implicit_layer.d/VkLayer_MESA_device_select.json
[Vulkan Loader] INFO:           Found manifest file /etc/vulkan/implicit_layer.d/renderdoc_capture.json (file version 1.1.2)
[Vulkan Loader] INFO:           Found manifest file /home/ac/.local/share/vulkan/implicit_layer.d/steamoverlay_i386.json (file version 1.0.0)
[Vulkan Loader] INFO:           Found manifest file /home/ac/.local/share/vulkan/implicit_layer.d/steamoverlay_x86_64.json (file version 1.0.0)
[Vulkan Loader] INFO:           Found manifest file /home/ac/.local/share/vulkan/implicit_layer.d/steamfossilize_i386.json (file version 1.0.0)
[Vulkan Loader] INFO:           Found manifest file /home/ac/.local/share/vulkan/implicit_layer.d/steamfossilize_x86_64.json (file version 1.0.0)
[Vulkan Loader] INFO:           Found manifest file /usr/share/vulkan/implicit_layer.d/nvidia_layers.json (file version 1.0.1)
[Vulkan Loader] INFO:           Found manifest file /usr/share/vulkan/implicit_layer.d/VkLayer_MESA_device_select.json (file version 1.0.0)
[Vulkan Loader] DRIVER:         Searching for driver manifest files
[Vulkan Loader] DRIVER:            In following locations:
[Vulkan Loader] DRIVER:               /home/ac/.config/vulkan/icd.d
[Vulkan Loader] DRIVER:               /etc/xdg/vulkan/icd.d
[Vulkan Loader] DRIVER:               /etc/vulkan/icd.d
[Vulkan Loader] DRIVER:               /home/ac/.local/share/vulkan/icd.d
[Vulkan Loader] DRIVER:               /home/ac/.local/share/flatpak/exports/share/vulkan/icd.d
[Vulkan Loader] DRIVER:               /var/lib/flatpak/exports/share/vulkan/icd.d
[Vulkan Loader] DRIVER:               /usr/local/share/vulkan/icd.d
[Vulkan Loader] DRIVER:               /usr/share/vulkan/icd.d
[Vulkan Loader] DRIVER:            Found the following files:
[Vulkan Loader] DRIVER:               /usr/share/vulkan/icd.d/nvidia_icd.json
[Vulkan Loader] DRIVER:               /usr/share/vulkan/icd.d/intel_hasvk_icd.x86_64.json
[Vulkan Loader] DRIVER:               /usr/share/vulkan/icd.d/intel_icd.x86_64.json
[Vulkan Loader] DRIVER:               /usr/share/vulkan/icd.d/intel_hasvk_icd.i686.json
[Vulkan Loader] DRIVER:               /usr/share/vulkan/icd.d/intel_icd.i686.json
[Vulkan Loader] DRIVER:         Found ICD manifest file /usr/share/vulkan/icd.d/nvidia_icd.json, version 1.0.1
[Vulkan Loader] DEBUG | DRIVER: Searching for ICD drivers named libGLX_nvidia.so.0
[Vulkan Loader] DRIVER:         Found ICD manifest file /usr/share/vulkan/icd.d/intel_hasvk_icd.x86_64.json, version 1.0.1
[Vulkan Loader] DEBUG | DRIVER: Searching for ICD drivers named /usr/lib/libvulkan_intel_hasvk.so
[Vulkan Loader] DRIVER:         Found ICD manifest file /usr/share/vulkan/icd.d/intel_icd.x86_64.json, version 1.0.1
[Vulkan Loader] DEBUG | DRIVER: Searching for ICD drivers named /usr/lib/libvulkan_intel.so
[Vulkan Loader] DRIVER:         Found ICD manifest file /usr/share/vulkan/icd.d/intel_hasvk_icd.i686.json, version 1.0.1
[Vulkan Loader] DEBUG | DRIVER: Searching for ICD drivers named /usr/lib32/libvulkan_intel_hasvk.so
[Vulkan Loader] INFO:           loader_parse_icd_manifest: Driver library architecture doesn't match the current running architecture, skipping this driver
[Vulkan Loader] DRIVER:         Found ICD manifest file /usr/share/vulkan/icd.d/intel_icd.i686.json, version 1.0.1
[Vulkan Loader] DEBUG | DRIVER: Searching for ICD drivers named /usr/lib32/libvulkan_intel.so
[Vulkan Loader] INFO:           loader_parse_icd_manifest: Driver library architecture doesn't match the current running architecture, skipping this driver
[Vulkan Loader] LAYER:          Searching for implicit layer manifest files
[Vulkan Loader] LAYER:             In following locations:
[Vulkan Loader] LAYER:                /home/ac/.config/vulkan/implicit_layer.d
[Vulkan Loader] LAYER:                /etc/xdg/vulkan/implicit_layer.d
[Vulkan Loader] LAYER:                /etc/vulkan/implicit_layer.d
[Vulkan Loader] LAYER:                /home/ac/.local/share/vulkan/implicit_layer.d
[Vulkan Loader] LAYER:                /home/ac/.local/share/flatpak/exports/share/vulkan/implicit_layer.d
[Vulkan Loader] LAYER:                /var/lib/flatpak/exports/share/vulkan/implicit_layer.d
[Vulkan Loader] LAYER:                /usr/local/share/vulkan/implicit_layer.d
[Vulkan Loader] LAYER:                /usr/share/vulkan/implicit_layer.d
[Vulkan Loader] LAYER:             Found the following files:
[Vulkan Loader] LAYER:                /etc/vulkan/implicit_layer.d/renderdoc_capture.json
[Vulkan Loader] LAYER:                /home/ac/.local/share/vulkan/implicit_layer.d/steamoverlay_i386.json
[Vulkan Loader] LAYER:                /home/ac/.local/share/vulkan/implicit_layer.d/steamoverlay_x86_64.json
[Vulkan Loader] LAYER:                /home/ac/.local/share/vulkan/implicit_layer.d/steamfossilize_i386.json
[Vulkan Loader] LAYER:                /home/ac/.local/share/vulkan/implicit_layer.d/steamfossilize_x86_64.json
[Vulkan Loader] LAYER:                /usr/share/vulkan/implicit_layer.d/nvidia_layers.json
[Vulkan Loader] LAYER:                /usr/share/vulkan/implicit_layer.d/VkLayer_MESA_device_select.json
[Vulkan Loader] INFO:           Found manifest file /etc/vulkan/implicit_layer.d/renderdoc_capture.json (file version 1.1.2)
[Vulkan Loader] INFO:           Found manifest file /home/ac/.local/share/vulkan/implicit_layer.d/steamoverlay_i386.json (file version 1.0.0)
[Vulkan Loader] INFO:           Found manifest file /home/ac/.local/share/vulkan/implicit_layer.d/steamoverlay_x86_64.json (file version 1.0.0)
[Vulkan Loader] INFO:           Found manifest file /home/ac/.local/share/vulkan/implicit_layer.d/steamfossilize_i386.json (file version 1.0.0)
[Vulkan Loader] INFO:           Found manifest file /home/ac/.local/share/vulkan/implicit_layer.d/steamfossilize_x86_64.json (file version 1.0.0)
[Vulkan Loader] INFO:           Found manifest file /usr/share/vulkan/implicit_layer.d/nvidia_layers.json (file version 1.0.1)
[Vulkan Loader] INFO:           Found manifest file /usr/share/vulkan/implicit_layer.d/VkLayer_MESA_device_select.json (file version 1.0.0)
Requested window center on monitor 'DP-7' at (3000, 360)
Final window virtual position: (3000, 360), size: (1280x720)
available extensions:
	VK_KHR_device_group_creation
	VK_KHR_display
	VK_KHR_external_fence_capabilities
	VK_KHR_external_memory_capabilities
	VK_KHR_external_semaphore_capabilities
	VK_KHR_get_display_properties2
	VK_KHR_get_physical_device_properties2
	VK_KHR_get_surface_capabilities2
	VK_KHR_surface
	VK_KHR_surface_protected_capabilities
	VK_KHR_wayland_surface
	VK_KHR_xcb_surface
	VK_KHR_xlib_surface
	VK_EXT_acquire_drm_display
	VK_EXT_acquire_xlib_display
	VK_EXT_debug_report
	VK_EXT_debug_utils
	VK_EXT_direct_mode_display
	VK_EXT_display_surface_counter
	VK_EXT_surface_maintenance1
	VK_EXT_swapchain_colorspace
	VK_NV_display_stereo
	VK_EXT_headless_surface
	VK_KHR_portability_enumeration
	VK_LUNARG_direct_driver_loading
required extensions:
	VK_EXT_debug_utils
	VK_KHR_surface
	VK_KHR_xcb_surface
[Vulkan Loader] INFO | DRIVER:  linux_read_sorted_physical_devices:
[Vulkan Loader] INFO | DRIVER:       Original order:
[Vulkan Loader] INFO | DRIVER:             [0] Intel(R) Graphics (ADL GT2)
[Vulkan Loader] INFO | DRIVER:             [1] NVIDIA T600 Laptop GPU
[Vulkan Loader] INFO | DRIVER:       Sorted order:
[Vulkan Loader] INFO | DRIVER:             [0] NVIDIA T600 Laptop GPU  
[Vulkan Loader] INFO | DRIVER:             [1] Intel(R) Graphics (ADL GT2)  
[Vulkan Loader] DEBUG | DRIVER: Copying old device 0 into new device 0
[Vulkan Loader] DEBUG | DRIVER: Copying old device 1 into new device 1
[Vulkan Loader] INFO | DRIVER:  linux_read_sorted_physical_devices:
[Vulkan Loader] INFO | DRIVER:       Original order:
[Vulkan Loader] INFO | DRIVER:             [0] Intel(R) Graphics (ADL GT2)
[Vulkan Loader] INFO | DRIVER:             [1] NVIDIA T600 Laptop GPU
[Vulkan Loader] INFO | DRIVER:       Sorted order:
[Vulkan Loader] INFO | DRIVER:             [0] NVIDIA T600 Laptop GPU  
[Vulkan Loader] INFO | DRIVER:             [1] Intel(R) Graphics (ADL GT2)  
[Vulkan Loader] DEBUG | DRIVER: Copying old device 0 into new device 0
[Vulkan Loader] DEBUG | DRIVER: Copying old device 1 into new device 1
[Vulkan Loader] INFO | DRIVER:  linux_read_sorted_physical_devices:
[Vulkan Loader] INFO | DRIVER:       Original order:
[Vulkan Loader] INFO | DRIVER:             [0] Intel(R) Graphics (ADL GT2)
[Vulkan Loader] INFO | DRIVER:             [1] NVIDIA T600 Laptop GPU
[Vulkan Loader] INFO | DRIVER:       Sorted order:
[Vulkan Loader] INFO | DRIVER:             [0] NVIDIA T600 Laptop GPU  
[Vulkan Loader] INFO | DRIVER:             [1] Intel(R) Graphics (ADL GT2)  
[Vulkan Loader] DEBUG | DRIVER: Copying old device 0 into new device 0
[Vulkan Loader] DEBUG | DRIVER: Copying old device 1 into new device 1
[Vulkan Loader] INFO | DRIVER:  linux_read_sorted_physical_devices:
[Vulkan Loader] INFO | DRIVER:       Original order:
[Vulkan Loader] INFO | DRIVER:             [0] Intel(R) Graphics (ADL GT2)
[Vulkan Loader] INFO | DRIVER:             [1] NVIDIA T600 Laptop GPU
[Vulkan Loader] INFO | DRIVER:       Sorted order:
[Vulkan Loader] INFO | DRIVER:             [0] NVIDIA T600 Laptop GPU  
[Vulkan Loader] INFO | DRIVER:             [1] Intel(R) Graphics (ADL GT2)  
[Vulkan Loader] DEBUG | DRIVER: Copying old device 0 into new device 0
[Vulkan Loader] DEBUG | DRIVER: Copying old device 1 into new device 1
Device count: 2
[Vulkan Loader] INFO | DRIVER:  linux_read_sorted_physical_devices:
[Vulkan Loader] INFO | DRIVER:       Original order:
[Vulkan Loader] INFO | DRIVER:             [0] Intel(R) Graphics (ADL GT2)
[Vulkan Loader] INFO | DRIVER:             [1] NVIDIA T600 Laptop GPU
[Vulkan Loader] INFO | DRIVER:       Sorted order:
[Vulkan Loader] INFO | DRIVER:             [0] NVIDIA T600 Laptop GPU  
[Vulkan Loader] INFO | DRIVER:             [1] Intel(R) Graphics (ADL GT2)  
[Vulkan Loader] DEBUG | DRIVER: Copying old device 0 into new device 0
[Vulkan Loader] DEBUG | DRIVER: Copying old device 1 into new device 1
[Vulkan Loader] INFO | DRIVER:  linux_read_sorted_physical_devices:
[Vulkan Loader] INFO | DRIVER:       Original order:
[Vulkan Loader] INFO | DRIVER:             [0] Intel(R) Graphics (ADL GT2)
[Vulkan Loader] INFO | DRIVER:             [1] NVIDIA T600 Laptop GPU
[Vulkan Loader] INFO | DRIVER:       Sorted order:
[Vulkan Loader] INFO | DRIVER:             [0] NVIDIA T600 Laptop GPU  
[Vulkan Loader] INFO | DRIVER:             [1] Intel(R) Graphics (ADL GT2)  
[Vulkan Loader] DEBUG | DRIVER: Copying old device 0 into new device 0
[Vulkan Loader] DEBUG | DRIVER: Copying old device 1 into new device 1
[Vulkan Loader] INFO | DRIVER:  linux_read_sorted_physical_devices:
[Vulkan Loader] INFO | DRIVER:       Original order:
[Vulkan Loader] INFO | DRIVER:             [0] Intel(R) Graphics (ADL GT2)
[Vulkan Loader] INFO | DRIVER:             [1] NVIDIA T600 Laptop GPU
[Vulkan Loader] INFO | DRIVER:       Sorted order:
[Vulkan Loader] INFO | DRIVER:             [0] NVIDIA T600 Laptop GPU  
[Vulkan Loader] INFO | DRIVER:             [1] Intel(R) Graphics (ADL GT2)  
[Vulkan Loader] DEBUG | DRIVER: Copying old device 0 into new device 0
[Vulkan Loader] DEBUG | DRIVER: Copying old device 1 into new device 1
[Vulkan Loader] INFO | DRIVER:  linux_read_sorted_physical_devices:
[Vulkan Loader] INFO | DRIVER:       Original order:
[Vulkan Loader] INFO | DRIVER:             [0] Intel(R) Graphics (ADL GT2)
[Vulkan Loader] INFO | DRIVER:             [1] NVIDIA T600 Laptop GPU
[Vulkan Loader] INFO | DRIVER:       Sorted order:
[Vulkan Loader] INFO | DRIVER:             [0] NVIDIA T600 Laptop GPU  
[Vulkan Loader] INFO | DRIVER:             [1] Intel(R) Graphics (ADL GT2)  
[Vulkan Loader] DEBUG | DRIVER: Copying old device 0 into new device 0
[Vulkan Loader] DEBUG | DRIVER: Copying old device 1 into new device 1
[Vulkan Loader] INFO | DRIVER:  Removing driver /usr/lib/libvulkan_intel_hasvk.so due to not having any physical devices
[ [33mChecking device[0m ] 0x563ba7e29c50
[ [32mDevice suitable[0m ] 0x563ba7e29c50
physical device: NVIDIA T600 Laptop GPU
[Vulkan Loader] INFO | LAYER:   Inserted device layer "VK_LAYER_KHRONOS_validation" (/usr/lib/libVkLayer_khronos_validation.so)
[Vulkan Loader] INFO | LAYER:   Failed to find vkGetDeviceProcAddr in layer "/usr/lib/libVkLayer_MESA_device_select.so"
[Vulkan Loader] INFO | LAYER:   Inserted device layer "VK_LAYER_NV_optimus" (/usr/lib/libnvidia-glcore.so.580.95.05)
[Vulkan Loader] DRIVER:         vkCreateDevice layer callstack setup to:
[Vulkan Loader] DRIVER:            <Application>
[Vulkan Loader] DRIVER:              ||
[Vulkan Loader] DRIVER:            <Loader>
[Vulkan Loader] DRIVER:              ||
[Vulkan Loader] LAYER:             VK_LAYER_NV_optimus
[Vulkan Loader] LAYER:                     Type: Implicit
[Vulkan Loader] LAYER:                     Enabled By: Implicit Layer
[Vulkan Loader] LAYER:                         Disable Env Var:  DISABLE_LAYER_NV_OPTIMUS_1
[Vulkan Loader] LAYER:                     Manifest: /usr/share/vulkan/implicit_layer.d/nvidia_layers.json
[Vulkan Loader] LAYER:                     Library:  /usr/lib/libnvidia-glcore.so.580.95.05
[Vulkan Loader] LAYER:               ||
[Vulkan Loader] LAYER:             VK_LAYER_KHRONOS_validation
[Vulkan Loader] LAYER:                     Type: Explicit
[Vulkan Loader] LAYER:                     Enabled By: By the Application
[Vulkan Loader] LAYER:                     Manifest: /usr/share/vulkan/explicit_layer.d/VkLayer_khronos_validation.json
[Vulkan Loader] LAYER:                     Library:  /usr/lib/libVkLayer_khronos_validation.so
[Vulkan Loader] LAYER:               ||
[Vulkan Loader] DRIVER:            <Device>
[Vulkan Loader] DRIVER:                Using "NVIDIA T600 Laptop GPU" with driver: "/usr/lib/libGLX_nvidia.so.0"
Present mode: V-Sync
Swapchain create request:
  minImageCount: 3
  imageFormat: 44
  imageColorSpace: 0
  extent: 1280x720
  preTransform: 1
  supportedTransforms: 1
  compositeAlpha: 1
  presentMode: 2
  imageUsage: 16
[ [33mVALIDATION[0m[31m ERROR[0m ] vkQueueSubmit(): pSubmits[0].pSignalSemaphores[0] (VkSemaphore 0x1c000000001c) is being signaled by VkQueue 0x563ba816ce00, but it may still be in use by VkSwapchainKHR 0x70000000007.
Most recently acquired image indices: [0], 1, 2.
(Brackets mark the last use of VkSemaphore 0x1c000000001c in a presentation operation.)
Swapchain image 0 was presented but was not re-acquired, so VkSemaphore 0x1c000000001c may still be in use and cannot be safely reused with image index 2.
Vulkan insight: See https://docs.vulkan.org/guide/latest/swapchain_semaphore_reuse.html for details on swapchain semaphore reuse. Examples of possible approaches:
   a) Use a separate semaphore per swapchain image. Index these semaphores using the index of the acquired image.
   b) Consider the VK_KHR_swapchain_maintenance1 extension. It allows using a VkFence with the presentation operation.
The Vulkan spec states: Each binary semaphore element of the pSignalSemaphores member of any element of pSubmits must be unsignaled when the semaphore signal operation it defines is executed on the device (https://docs.vulkan.org/spec/latest/chapters/cmdbuffers.html#VUID-vkQueueSubmit-pSignalSemaphores-00067)
Present mode: V-Sync
Swapchain create request:
  minImageCount: 3
  imageFormat: 44
  imageColorSpace: 0
  extent: 1280x720
  preTransform: 1
  supportedTransforms: 1
  compositeAlpha: 1
  presentMode: 2
  imageUsage: 16
[ [33mVALIDATION[0m[31m ERROR[0m ] vkQueueSubmit(): pSubmits[0].pSignalSemaphores[0] (VkSemaphore 0x390000000039) is being signaled by VkQueue 0x563ba816ce00, but it may still be in use by VkSwapchainKHR 0x240000000024.
Most recently acquired image indices: [0], 1, 2.
(Brackets mark the last use of VkSemaphore 0x390000000039 in a presentation operation.)
Swapchain image 0 was presented but was not re-acquired, so VkSemaphore 0x390000000039 may still be in use and cannot be safely reused with image index 2.
Vulkan insight: See https://docs.vulkan.org/guide/latest/swapchain_semaphore_reuse.html for details on swapchain semaphore reuse. Examples of possible approaches:
   a) Use a separate semaphore per swapchain image. Index these semaphores using the index of the acquired image.
   b) Consider the VK_KHR_swapchain_maintenance1 extension. It allows using a VkFence with the presentation operation.
The Vulkan spec states: Each binary semaphore element of the pSignalSemaphores member of any element of pSubmits must be unsignaled when the semaphore signal operation it defines is executed on the device (https://docs.vulkan.org/spec/latest/chapters/cmdbuffers.html#VUID-vkQueueSubmit-pSignalSemaphores-00067)
[ [33mVALIDATION[0m[31m ERROR[0m ] vkQueueSubmit(): pSubmits[0].pSignalSemaphores[0] (VkSemaphore 0x3b000000003b) is being signaled by VkQueue 0x563ba816ce00, but it may still be in use by VkSwapchainKHR 0x240000000024.
Most recently acquired image indices: 0, [1], 2, 0.
(Brackets mark the last use of VkSemaphore 0x3b000000003b in a presentation operation.)
Swapchain image 1 was presented but was not re-acquired, so VkSemaphore 0x3b000000003b may still be in use and cannot be safely reused with image index 0.
Vulkan insight: See https://docs.vulkan.org/guide/latest/swapchain_semaphore_reuse.html for details on swapchain semaphore reuse. Examples of possible approaches:
   a) Use a separate semaphore per swapchain image. Index these semaphores using the index of the acquired image.
   b) Consider the VK_KHR_swapchain_maintenance1 extension. It allows using a VkFence with the presentation operation.
The Vulkan spec states: Each binary semaphore element of the pSignalSemaphores member of any element of pSubmits must be unsignaled when the semaphore signal operation it defines is executed on the device (https://docs.vulkan.org/spec/latest/chapters/cmdbuffers.html#VUID-vkQueueSubmit-pSignalSemaphores-00067)
[Vulkan Loader] DEBUG | LAYER:  Unloading layer library /usr/lib/libnvidia-glcore.so.580.95.05
[Vulkan Loader] DEBUG | LAYER:  Unloading layer library /usr/lib/libVkLayer_MESA_device_select.so
[Vulkan Loader] DEBUG | LAYER:  Unloading layer library /usr/lib/libVkLayer_khronos_validation.so
